<?xml version="1.0" encoding="UTF-8"?>
<!-- Generated by org.testng.reporters.JUnitReportReporter -->
<testsuite hostname="DESKTOP-V6LFOIA" failures="0" tests="5" name="jalaacademy.LOGIN_JALA" time="31.482" errors="0" timestamp="2023-03-19T23:43:47 IST" skipped="0">
  <testcase classname="jalaacademy.LOGIN_JALA" name="LOGINwithvalidcredentials" time="8.427"/>
  <system-out/>
  <testcase classname="jalaacademy.LOGIN_JALA" name="LOGINinvalidcredentails" time="5.845"/>
  <system-out/>
  <testcase classname="jalaacademy.LOGIN_JALA" name="LOGINvalidgmailandinvalidpassword" time="4.690"/>
  <system-out/>
  <testcase classname="jalaacademy.LOGIN_JALA" name="LOGINinvalidgmailandvalidpassword" time="5.511"/>
  <system-out/>
  <testcase classname="jalaacademy.LOGIN_JALA" name="LOGINwithoutanycredentials" time="7.009"/>
  <system-out/>
</testsuite> <!-- jalaacademy.LOGIN_JALA -->
