<?xml version="1.0" encoding="UTF-8"?>
<!-- Generated by org.testng.reporters.JUnitReportReporter -->
<testsuite hostname="DESKTOP-V6LFOIA" failures="0" tests="1" name="jalaacademy.jalamoreopions" time="6.773" errors="0" timestamp="2023-03-14T13:26:09 IST" skipped="0">
  <testcase classname="jalaacademy.jalamoreopions" name="MENU" time="6.773"/>
  <system-out/>
</testsuite> <!-- jalaacademy.jalamoreopions -->
