<?xml version="1.0" encoding="UTF-8"?>
<!-- Generated by org.testng.reporters.JUnitReportReporter -->
<testsuite hostname="DESKTOP-V6LFOIA" failures="0" tests="10" name="jalaacademy.JALA_MORE_OPTIONS" time="81.773" errors="0" timestamp="2023-03-19T23:43:47 IST" skipped="0">
  <testcase classname="jalaacademy.JALA_MORE_OPTIONS" name="MENU" time="5.983"/>
  <system-out/>
  <testcase classname="jalaacademy.JALA_MORE_OPTIONS" name="MULTITABS" time="7.185"/>
  <system-out/>
  <testcase classname="jalaacademy.JALA_MORE_OPTIONS" name="COLLAPSIBLE_CONTENT" time="6.363"/>
  <system-out/>
  <testcase classname="jalaacademy.JALA_MORE_OPTIONS" name="AUTOCOMPLETE" time="7.964"/>
  <system-out/>
  <testcase classname="jalaacademy.JALA_MORE_OPTIONS" name="IMAGE" time="13.427"/>
  <system-out/>
  <testcase classname="jalaacademy.JALA_MORE_OPTIONS" name="CSS_PROPERTIES" time="10.076"/>
  <system-out/>
  <testcase classname="jalaacademy.JALA_MORE_OPTIONS" name="LINKS" time="8.382"/>
  <system-out/>
  <testcase classname="jalaacademy.JALA_MORE_OPTIONS" name="TOOLTIPS" time="6.349"/>
  <system-out/>
  <testcase classname="jalaacademy.JALA_MORE_OPTIONS" name="POPUPS" time="6.364"/>
  <system-out/>
  <testcase classname="jalaacademy.JALA_MORE_OPTIONS" name="IFRAMES" time="9.680"/>
  <system-out/>
</testsuite> <!-- jalaacademy.JALA_MORE_OPTIONS -->
