<?xml version="1.0" encoding="UTF-8"?>
<!-- Generated by org.testng.reporters.JUnitReportReporter -->
<testsuite hostname="DESKTOP-V6LFOIA" failures="0" tests="2" name="jalaacademy.JALAEMPLOYERDETAILS" time="15.937" errors="0" timestamp="2023-03-19T23:43:47 IST" skipped="0">
  <testcase classname="jalaacademy.JALAEMPLOYERDETAILS" name="CREATEVALIDEMPLOYEEDETAILS" time="6.574"/>
  <system-out/>
  <testcase classname="jalaacademy.JALAEMPLOYERDETAILS" name="CREATEWITHOUTDETAILS" time="9.363"/>
  <system-out/>
</testsuite> <!-- jalaacademy.JALAEMPLOYERDETAILS -->
