<?xml version="1.0" encoding="UTF-8"?>
<!-- Generated by org.testng.reporters.JUnitReportReporter -->
<testsuite hostname="DESKTOP-V6LFOIA" failures="0" tests="1" name="jalaacademy.JALASEARCHEMPLOYERDETAILS" time="8.112" errors="0" timestamp="2023-03-19T23:43:47 IST" skipped="0">
  <testcase classname="jalaacademy.JALASEARCHEMPLOYERDETAILS" name="SEARCHDETAILS" time="8.112"/>
  <system-out/>
</testsuite> <!-- jalaacademy.JALASEARCHEMPLOYERDETAILS -->
